<?xml version="1.0" encoding="UTF-8"?>
<!-- Generated by org.testng.reporters.JUnitReportReporter -->
<testsuite skipped="0" hostname="akawalkar-lap-0269" name="Edge" tests="1" failures="0" timestamp="21 Dec 2021 17:00:36 GMT" time="9.052" errors="0">
  <testcase name="Edge" time="9.052" classname="Edge"/>
</testsuite> <!-- Edge -->
