<?xml version="1.0" encoding="UTF-8"?>
<!-- Generated by org.testng.reporters.JUnitReportReporter -->
<testsuite skipped="0" hostname="akawalkar-lap-0269" name="Edge" tests="1" failures="0" timestamp="21 Dec 2021 16:27:09 GMT" time="7.699" errors="0">
  <testcase name="Edge" time="7.699" classname="Edge"/>
</testsuite> <!-- Edge -->
